Using pre-set license
Built from '2021.3/staging' branch; Version is '2021.3.6f1 (7da38d85baf6) revision 8233869'; Using compiler version '192829333'; Build Type 'Release'
OS: 'Windows 10  (10.0.19044) 64bit Core' Language: 'en' Physical Memory: 12286 MB
BatchMode: 1, IsHumanControllingUs: 0, StartBugReporterOnCrash: 0, Is64bit: 1, IsPro: 1

COMMAND LINE ARGUMENTS:
C:\Program Files\Unity\Hub\Editor\2021.3.6f1\Editor\Unity.exe
-adb2
-batchMode
-noUpm
-name
AssetImportWorker0
-projectPath
C:/Users/scrof/OneDrive/Documents/GitHub/2DARPG
-logFile
Logs/AssetImportWorker0.log
-srvPort
54080
Successfully changed project path to: C:/Users/scrof/OneDrive/Documents/GitHub/2DARPG
C:/Users/scrof/OneDrive/Documents/GitHub/2DARPG
[UnityMemory] Configuration Parameters - Can be set up in boot.config
    "memorysetup-bucket-allocator-granularity=16"
    "memorysetup-bucket-allocator-bucket-count=8"
    "memorysetup-bucket-allocator-block-size=33554432"
    "memorysetup-bucket-allocator-block-count=8"
    "memorysetup-main-allocator-block-size=16777216"
    "memorysetup-thread-allocator-block-size=16777216"
    "memorysetup-gfx-main-allocator-block-size=16777216"
    "memorysetup-gfx-thread-allocator-block-size=16777216"
    "memorysetup-cache-allocator-block-size=4194304"
    "memorysetup-typetree-allocator-block-size=2097152"
    "memorysetup-profiler-bucket-allocator-granularity=16"
    "memorysetup-profiler-bucket-allocator-bucket-count=8"
    "memorysetup-profiler-bucket-allocator-block-size=33554432"
    "memorysetup-profiler-bucket-allocator-block-count=8"
    "memorysetup-profiler-allocator-block-size=16777216"
    "memorysetup-profiler-editor-allocator-block-size=1048576"
    "memorysetup-temp-allocator-size-main=16777216"
    "memorysetup-job-temp-allocator-block-size=2097152"
    "memorysetup-job-temp-allocator-block-size-background=1048576"
    "memorysetup-job-temp-allocator-reduction-small-platforms=262144"
    "memorysetup-temp-allocator-size-background-worker=32768"
    "memorysetup-temp-allocator-size-job-worker=262144"
    "memorysetup-temp-allocator-size-preload-manager=33554432"
    "memorysetup-temp-allocator-size-nav-mesh-worker=65536"
    "memorysetup-temp-allocator-size-audio-worker=65536"
    "memorysetup-temp-allocator-size-cloud-worker=32768"
    "memorysetup-temp-allocator-size-gi-baking-worker=262144"
    "memorysetup-temp-allocator-size-gfx=262144"
Refreshing native plugins compatible for Editor in 124.66 ms, found 3 plugins.
Preloading 0 native plugins for Editor in 0.00 ms.
Initialize engine version: 2021.3.6f1 (7da38d85baf6)
[Subsystems] Discovering subsystems at path C:/Program Files/Unity/Hub/Editor/2021.3.6f1/Editor/Data/Resources/UnitySubsystems
[Subsystems] Discovering subsystems at path C:/Users/scrof/OneDrive/Documents/GitHub/2DARPG/Assets
GfxDevice: creating device client; threaded=0; jobified=0
Direct3D:
    Version:  Direct3D 11.0 [level 11.1]
    Renderer: NVIDIA Quadro P5000 (ID=0x1bb0)
    Vendor:   NVIDIA
    VRAM:     16255 MB
    Driver:   30.0.15.1259
Initialize mono
Mono path[0] = 'C:/Program Files/Unity/Hub/Editor/2021.3.6f1/Editor/Data/Managed'
Mono path[1] = 'C:/Program Files/Unity/Hub/Editor/2021.3.6f1/Editor/Data/MonoBleedingEdge/lib/mono/unityjit-win32'
Mono config path = 'C:/Program Files/Unity/Hub/Editor/2021.3.6f1/Editor/Data/MonoBleedingEdge/etc'
Using monoOptions --debugger-agent=transport=dt_socket,embedding=1,server=y,suspend=n,address=127.0.0.1:56236
Begin MonoManager ReloadAssembly
Registering precompiled unity dll's ...
Register platform support module: C:/Program Files/Unity/Hub/Editor/2021.3.6f1/Editor/Data/PlaybackEngines/WebGLSupport/UnityEditor.WebGL.Extensions.dll
Register platform support module: C:/Program Files/Unity/Hub/Editor/2021.3.6f1/Editor/Data/PlaybackEngines/WindowsStandaloneSupport/UnityEditor.WindowsStandalone.Extensions.dll
Registered in 0.070436 seconds.
Native extension for WindowsStandalone target not found
Native extension for WebGL target not found
Refreshing native plugins compatible for Editor in 96.22 ms, found 3 plugins.
Preloading 0 native plugins for Editor in 0.00 ms.
Mono: successfully reloaded assembly
- Completed reload, in  1.572 seconds
Domain Reload Profiling:
	ReloadAssembly (1572ms)
		BeginReloadAssembly (336ms)
			ExecutionOrderSort (0ms)
			DisableScriptedObjects (0ms)
			BackupInstance (0ms)
			ReleaseScriptingObjects (0ms)
			CreateAndSetChildDomain (1ms)
		EndReloadAssembly (882ms)
			LoadAssemblies (321ms)
			RebuildTransferFunctionScriptingTraits (0ms)
			SetupTypeCache (212ms)
			ReleaseScriptCaches (0ms)
			RebuildScriptCaches (53ms)
			SetupLoadedEditorAssemblies (480ms)
				LogAssemblyErrors (0ms)
				InitializePlatformSupportModulesInManaged (33ms)
				SetLoadedEditorAssemblies (0ms)
				RefreshPlugins (96ms)
				BeforeProcessingInitializeOnLoad (2ms)
				ProcessInitializeOnLoadAttributes (266ms)
				ProcessInitializeOnLoadMethodAttributes (82ms)
				AfterProcessingInitializeOnLoad (0ms)
				EditorAssembliesLoaded (0ms)
			ExecutionOrderSort2 (0ms)
			AwakeInstancesAfterBackupRestoration (0ms)
Platform modules already initialized, skipping
Registering precompiled user dll's ...
Registered in 0.051546 seconds.
Begin MonoManager ReloadAssembly
Native extension for WindowsStandalone target not found
Native extension for WebGL target not found
Refreshing native plugins compatible for Editor in 94.65 ms, found 3 plugins.
Preloading 0 native plugins for Editor in 0.00 ms.
Mono: successfully reloaded assembly
- Completed reload, in  2.744 seconds
Domain Reload Profiling:
	ReloadAssembly (2746ms)
		BeginReloadAssembly (399ms)
			ExecutionOrderSort (0ms)
			DisableScriptedObjects (11ms)
			BackupInstance (0ms)
			ReleaseScriptingObjects (0ms)
			CreateAndSetChildDomain (34ms)
		EndReloadAssembly (2020ms)
			LoadAssemblies (439ms)
			RebuildTransferFunctionScriptingTraits (0ms)
			SetupTypeCache (418ms)
			ReleaseScriptCaches (1ms)
			RebuildScriptCaches (101ms)
			SetupLoadedEditorAssemblies (1093ms)
				LogAssemblyErrors (0ms)
				InitializePlatformSupportModulesInManaged (29ms)
				SetLoadedEditorAssemblies (0ms)
				RefreshPlugins (95ms)
				BeforeProcessingInitializeOnLoad (272ms)
				ProcessInitializeOnLoadAttributes (551ms)
				ProcessInitializeOnLoadMethodAttributes (72ms)
				AfterProcessingInitializeOnLoad (73ms)
				EditorAssembliesLoaded (0ms)
			ExecutionOrderSort2 (0ms)
			AwakeInstancesAfterBackupRestoration (13ms)
Platform modules already initialized, skipping
========================================================================
Worker process is ready to serve import requests
Launched and connected shader compiler UnityShaderCompiler.exe after 0.10 seconds
Refreshing native plugins compatible for Editor in 0.94 ms, found 3 plugins.
Preloading 0 native plugins for Editor in 0.00 ms.
Unloading 3017 Unused Serialized files (Serialized files now loaded: 0)
Unloading 50 unused Assets / (128.5 KB). Loaded Objects now: 3479.
Memory consumption went from 133.1 MB to 133.0 MB.
Total: 7.167200 ms (FindLiveObjects: 0.350700 ms CreateObjectMapping: 0.201500 ms MarkObjects: 6.445200 ms  DeleteObjects: 0.168600 ms)

AssetImportParameters requested are different than current active one (requested -> active):
  custom:video-decoder-ogg-theora: a1e56fd34408186e4bbccfd4996cb3dc -> 
  custom:container-muxer-webm: aa71ff27fc2769a1b78a27578f13a17b -> 
  custom:container-demuxer-webm: 4f35f7cbe854078d1ac9338744f61a02 -> 
  custom:video-encoder-webm-vp8: eb34c28f22e8b96e1ab97ce403110664 -> 
  custom:audio-encoder-webm-vorbis: bf7c407c2cedff20999df2af8eb42d56 -> 
  custom:framework-win-MediaFoundation: 216162199b28c13a410421893ffa2e32 -> 
  custom:container-demuxer-ogg: 62fdf1f143b41e24485cea50d1cbac27 -> 
  custom:video-decoder-webm-vp8: 9c59270c3fd7afecdb556c50c9e8de78 -> 
  custom:audio-decoder-ogg-vorbis: bf7c407c2cedff20999df2af8eb42d56 -> 
========================================================================
Received Import Request.
  Time since last request: 2797.949712 seconds.
  path: Assets/Brackeys
  artifactKey: Guid(a002571584b938a45a54ca95af53921e) Importer(815301076,1909f56bfc062723c751e8b465ee728b)
Start importing Assets/Brackeys using Guid(a002571584b938a45a54ca95af53921e) Importer(815301076,1909f56bfc062723c751e8b465ee728b)  -> (artifact id: 'a1ba03f8c7c6cb6f6fcd3e054091ab0c') in 0.028595 seconds 
========================================================================
Received Import Request.
  Time since last request: 0.000026 seconds.
  path: Assets/Brackeys/2D Mega Pack/-- Example Photos --/Dungeon Puzzle Example.png
  artifactKey: Guid(a6a22e0c395be6049bb58c2edebd5c4e) Importer(815301076,1909f56bfc062723c751e8b465ee728b)
Start importing Assets/Brackeys/2D Mega Pack/-- Example Photos --/Dungeon Puzzle Example.png using Guid(a6a22e0c395be6049bb58c2edebd5c4e) Importer(815301076,1909f56bfc062723c751e8b465ee728b)  -> (artifact id: '14e2b7b78ba9aa2069f6bee091b9584a') in 0.399671 seconds 
========================================================================
Received Import Request.
  Time since last request: 0.000029 seconds.
  path: Assets/Brackeys/2D Mega Pack/-- Example Photos --/Gold Miner Example.png
  artifactKey: Guid(0eee6b3f41fb0134d80930957ef67fb6) Importer(815301076,1909f56bfc062723c751e8b465ee728b)
Start importing Assets/Brackeys/2D Mega Pack/-- Example Photos --/Gold Miner Example.png using Guid(0eee6b3f41fb0134d80930957ef67fb6) Importer(815301076,1909f56bfc062723c751e8b465ee728b)  -> (artifact id: 'bf82b2c6c9c32049fad756a2664d1e39') in 0.194364 seconds 
========================================================================
Received Import Request.
  Time since last request: 0.000035 seconds.
  path: Assets/Brackeys/2D Mega Pack/-- Example Photos --/Retro Platformer Example.png
  artifactKey: Guid(10a0eaf66baf3454bbbba17ad579aec9) Importer(815301076,1909f56bfc062723c751e8b465ee728b)
Start importing Assets/Brackeys/2D Mega Pack/-- Example Photos --/Retro Platformer Example.png using Guid(10a0eaf66baf3454bbbba17ad579aec9) Importer(815301076,1909f56bfc062723c751e8b465ee728b)  -> (artifact id: 'c9ea5748f5265eef5d2edea2b3b7d3de') in 0.115813 seconds 
========================================================================
Received Import Request.
  Time since last request: 0.000025 seconds.
  path: Assets/Brackeys/2D Mega Pack/-- Example Photos --/Top-down Arcade Example.png
  artifactKey: Guid(b883181ca5756c94b983ff371807da40) Importer(815301076,1909f56bfc062723c751e8b465ee728b)
Start importing Assets/Brackeys/2D Mega Pack/-- Example Photos --/Top-down Arcade Example.png using Guid(b883181ca5756c94b983ff371807da40) Importer(815301076,1909f56bfc062723c751e8b465ee728b)  -> (artifact id: '5733ac6989c2b1361d51d72b2810cbf0') in 0.040553 seconds 
========================================================================
Received Import Request.
  Time since last request: 0.000024 seconds.
  path: Assets/Brackeys/2D Mega Pack/-- Example Photos --/Shape Shooter Example.PNG
  artifactKey: Guid(b6d302bd7a3b85048a384dc6b0610011) Importer(815301076,1909f56bfc062723c751e8b465ee728b)
Start importing Assets/Brackeys/2D Mega Pack/-- Example Photos --/Shape Shooter Example.PNG using Guid(b6d302bd7a3b85048a384dc6b0610011) Importer(815301076,1909f56bfc062723c751e8b465ee728b)  -> (artifact id: 'bd2cc2925c0ce4bb7f48fb585f272628') in 0.260842 seconds 
========================================================================
Received Import Request.
  Time since last request: 0.000025 seconds.
  path: Assets/Brackeys/2D Mega Pack/-- Example Photos --/Stick Figure Example.png
  artifactKey: Guid(53957bfc90a783f4690ebf0afa8a713b) Importer(815301076,1909f56bfc062723c751e8b465ee728b)
Start importing Assets/Brackeys/2D Mega Pack/-- Example Photos --/Stick Figure Example.png using Guid(53957bfc90a783f4690ebf0afa8a713b) Importer(815301076,1909f56bfc062723c751e8b465ee728b)  -> (artifact id: 'cb2b0776b8691bf75e41d764d425082c') in 0.225548 seconds 
========================================================================
Received Import Request.
  Time since last request: 6.762663 seconds.
  path: Assets/Brackeys/2D Mega Pack/Enemies
  artifactKey: Guid(92f04314ab1e01a4fae4487a854693e2) Importer(815301076,1909f56bfc062723c751e8b465ee728b)
Start importing Assets/Brackeys/2D Mega Pack/Enemies using Guid(92f04314ab1e01a4fae4487a854693e2) Importer(815301076,1909f56bfc062723c751e8b465ee728b)  -> (artifact id: '5d736a97114b5323a51a5b627f9b77c3') in 0.011409 seconds 
========================================================================
Received Import Request.
  Time since last request: 0.037099 seconds.
  path: Assets/Brackeys/2D Mega Pack/Enemies/AlienSpaceship.png
  artifactKey: Guid(a8166ea434d337349818825bff42d2f6) Importer(815301076,1909f56bfc062723c751e8b465ee728b)
Start importing Assets/Brackeys/2D Mega Pack/Enemies/AlienSpaceship.png using Guid(a8166ea434d337349818825bff42d2f6) Importer(815301076,1909f56bfc062723c751e8b465ee728b)  -> (artifact id: '5cc033338344ccc28b969c6951c6f4fb') in 0.028657 seconds 
========================================================================
Received Import Request.
  Time since last request: 0.000022 seconds.
  path: Assets/Brackeys/2D Mega Pack/Enemies/Canon.png
  artifactKey: Guid(8bfadec067237c04ab16144f6847e733) Importer(815301076,1909f56bfc062723c751e8b465ee728b)
Start importing Assets/Brackeys/2D Mega Pack/Enemies/Canon.png using Guid(8bfadec067237c04ab16144f6847e733) Importer(815301076,1909f56bfc062723c751e8b465ee728b)  -> (artifact id: 'ab11dafbf230aeb4b9be6e9a3d7683fa') in 0.057607 seconds 
========================================================================
Received Import Request.
  Time since last request: 0.000026 seconds.
  path: Assets/Brackeys/2D Mega Pack/Enemies/SpikyBall.png
  artifactKey: Guid(a2d68081d156f704bb974b65c4ba11c6) Importer(815301076,1909f56bfc062723c751e8b465ee728b)
Start importing Assets/Brackeys/2D Mega Pack/Enemies/SpikyBall.png using Guid(a2d68081d156f704bb974b65c4ba11c6) Importer(815301076,1909f56bfc062723c751e8b465ee728b)  -> (artifact id: '9a8bf790a987ec4939d20b31d387268f') in 0.049517 seconds 
========================================================================
Received Import Request.
  Time since last request: 7.603382 seconds.
  path: Assets/Brackeys/2D Mega Pack/Enemies/Gothic
  artifactKey: Guid(2bd86c1f86be261418f7f4fa2d5d629c) Importer(815301076,1909f56bfc062723c751e8b465ee728b)
Start importing Assets/Brackeys/2D Mega Pack/Enemies/Gothic using Guid(2bd86c1f86be261418f7f4fa2d5d629c) Importer(815301076,1909f56bfc062723c751e8b465ee728b)  -> (artifact id: '753961ec8ee3233bb582661848f2b0ab') in 0.015957 seconds 
========================================================================
Received Import Request.
  Time since last request: 0.023072 seconds.
  path: Assets/Brackeys/2D Mega Pack/Enemies/Gothic/FireheadEnemy.png
  artifactKey: Guid(d0f0bb7b0aae47846a42f0be578f602f) Importer(815301076,1909f56bfc062723c751e8b465ee728b)
Start importing Assets/Brackeys/2D Mega Pack/Enemies/Gothic/FireheadEnemy.png using Guid(d0f0bb7b0aae47846a42f0be578f602f) Importer(815301076,1909f56bfc062723c751e8b465ee728b)  -> (artifact id: '7632de3987c2788fbbac4f191b534413') in 0.038611 seconds 
========================================================================
Received Import Request.
  Time since last request: 0.000026 seconds.
  path: Assets/Brackeys/2D Mega Pack/Enemies/Gothic/GothicEnemy03.png
  artifactKey: Guid(d064385dfce29934793208022539c6cd) Importer(815301076,1909f56bfc062723c751e8b465ee728b)
Start importing Assets/Brackeys/2D Mega Pack/Enemies/Gothic/GothicEnemy03.png using Guid(d064385dfce29934793208022539c6cd) Importer(815301076,1909f56bfc062723c751e8b465ee728b)  -> (artifact id: '7c6e4aa82a85e253912e5f5de3712b46') in 0.036589 seconds 
